生成启动时间为 2019/5/7 20:35:14。
     1>项目“D:\Program Files (x86)\C程序及项目\c程序\白驹过隙,韶光易逝\小拓展\小拓展\小拓展.vcxproj”在节点 2 上(Build 个目标)。
     1>ClCompile:
         D:\Program Files (x86)\VC\bin\CL.exe /c /ZI /nologo /W3 /WX- /sdl /Od /Oy- /D _UNICODE /D UNICODE /Gm /EHsc /RTC1 /MDd /GS /fp:precise /Zc:wchar_t /Zc:forScope /Fo"Debug\\" /Fd"Debug\vc120.pdb" /Gd /TC /analyze- /errorReport:prompt problem1.c problem2.c problem2p.c problem2pp.c problem3.c problem3p.c
         problem3p.c
         problem3.c
         problem2pp.c
         problem2p.c
         problem2.c
         problem1.c
         正在生成代码...
       Link:
         D:\Program Files (x86)\VC\bin\link.exe /ERRORREPORT:PROMPT /OUT:"D:\Program Files (x86)\C程序及项目\c程序\白驹过隙,韶光易逝\小拓展\Debug\小拓展.exe" /INCREMENTAL /NOLOGO kernel32.lib user32.lib gdi32.lib winspool.lib comdlg32.lib advapi32.lib shell32.lib ole32.lib oleaut32.lib uuid.lib odbc32.lib odbccp32.lib /MANIFEST /MANIFESTUAC:"level='asInvoker' uiAccess='false'" /manifest:embed /DEBUG /PDB:"D:\Program Files (x86)\C程序及项目\c程序\白驹过隙,韶光易逝\小拓展\Debug\小拓展.pdb" /TLBID:1 /DYNAMICBASE /NXCOMPAT /IMPLIB:"D:\Program Files (x86)\C程序及项目\c程序\白驹过隙,韶光易逝\小拓展\Debug\小拓展.lib" /MACHINE:X86 Debug\problem1.obj
         Debug\problem2.obj
         Debug\problem2p.obj
         Debug\problem2pp.obj
         Debug\problem3.obj
         Debug\problem3p.obj
         小拓展.vcxproj -> D:\Program Files (x86)\C程序及项目\c程序\白驹过隙,韶光易逝\小拓展\Debug\小拓展.exe
     1>已完成生成项目“D:\Program Files (x86)\C程序及项目\c程序\白驹过隙,韶光易逝\小拓展\小拓展\小拓展.vcxproj”(Build 个目标)的操作。

生成成功。

已用时间 00:00:00.87
