生成启动时间为 2020/3/4 18:30:04。
     1>项目“D:\Program Files (x86)\C程序及项目\c程序\NewStart\二叉树\堆的实现\堆的实现\堆的实现.vcxproj”在节点 2 上(Build 个目标)。
     1>ClCompile:
         D:\Program Files (x86)\VC\bin\CL.exe /c /ZI /nologo /W3 /WX- /sdl /Od /Oy- /D _UNICODE /D UNICODE /Gm /EHsc /RTC1 /MDd /GS /fp:precise /Zc:wchar_t /Zc:forScope /Fo"Debug\\" /Fd"Debug\vc120.pdb" /Gd /TC /analyze- /errorReport:prompt Heap.c
         Heap.c
     1>d:\program files (x86)\c程序及项目\c程序\newstart\二叉树\堆的实现\堆的实现\heap.c(20): warning C4018: “<”: 有符号/无符号不匹配
     1>d:\program files (x86)\c程序及项目\c程序\newstart\二叉树\堆的实现\堆的实现\heap.c(22): warning C4018: “<”: 有符号/无符号不匹配
     1>d:\program files (x86)\c程序及项目\c程序\newstart\二叉树\堆的实现\堆的实现\heap.c(120): warning C4018: “<”: 有符号/无符号不匹配
     1>d:\program files (x86)\c程序及项目\c程序\newstart\二叉树\堆的实现\堆的实现\heap.c(156): warning C4018: “<”: 有符号/无符号不匹配
     1>d:\program files (x86)\c程序及项目\c程序\newstart\二叉树\堆的实现\堆的实现\heap.c(175): warning C4018: “<”: 有符号/无符号不匹配
     1>d:\program files (x86)\c程序及项目\c程序\newstart\二叉树\堆的实现\堆的实现\heap.c(187): warning C4553: “==”: 运算符不起任何作用；是否是有意使用“=”的?
     1>d:\program files (x86)\c程序及项目\c程序\newstart\二叉树\堆的实现\堆的实现\heap.c(188): warning C4553: “==”: 运算符不起任何作用；是否是有意使用“=”的?
     1>d:\program files (x86)\c程序及项目\c程序\newstart\二叉树\堆的实现\堆的实现\heap.c(204): warning C4244: “函数”: 从“time_t”转换到“unsigned int”，可能丢失数据
     1>d:\program files (x86)\c程序及项目\c程序\newstart\二叉树\堆的实现\堆的实现\heap.c(206): warning C4018: “<”: 有符号/无符号不匹配
       Link:
         D:\Program Files (x86)\VC\bin\link.exe /ERRORREPORT:PROMPT /OUT:"D:\Program Files (x86)\C程序及项目\c程序\NewStart\二叉树\堆的实现\Debug\堆的实现.exe" /INCREMENTAL /NOLOGO kernel32.lib user32.lib gdi32.lib winspool.lib comdlg32.lib advapi32.lib shell32.lib ole32.lib oleaut32.lib uuid.lib odbc32.lib odbccp32.lib /MANIFEST /MANIFESTUAC:"level='asInvoker' uiAccess='false'" /manifest:embed /DEBUG /PDB:"D:\Program Files (x86)\C程序及项目\c程序\NewStart\二叉树\堆的实现\Debug\堆的实现.pdb" /TLBID:1 /DYNAMICBASE /NXCOMPAT /IMPLIB:"D:\Program Files (x86)\C程序及项目\c程序\NewStart\二叉树\堆的实现\Debug\堆的实现.lib" /MACHINE:X86 Debug\Heap.obj
         堆的实现.vcxproj -> D:\Program Files (x86)\C程序及项目\c程序\NewStart\二叉树\堆的实现\Debug\堆的实现.exe
     1>已完成生成项目“D:\Program Files (x86)\C程序及项目\c程序\NewStart\二叉树\堆的实现\堆的实现\堆的实现.vcxproj”(Build 个目标)的操作。

生成成功。

已用时间 00:00:00.78
