生成启动时间为 2019/7/25 9:22:09。
     1>项目“D:\Program Files (x86)\C程序及项目\c程序\暑期练习\day11\day11\day11.vcxproj”在节点 2 上(Build 个目标)。
     1>ClCompile:
         D:\Program Files (x86)\VC\bin\CL.exe /c /ZI /nologo /W3 /WX- /sdl /Od /Oy- /D _MBCS /Gm /EHsc /RTC1 /MDd /GS /fp:precise /Zc:wchar_t /Zc:forScope /Fo"Debug\\" /Fd"Debug\vc120.pdb" /Gd /TC /analyze- /errorReport:prompt "problem1-1.c" "problem1-4.c" "problem1-5.c" "problem2-1.c" "problem2-2.c" problem3.c
         problem3.c
         problem2-2.c
         problem2-1.c
     1>d:\program files (x86)\c程序及项目\c程序\暑期练习\day11\day11\problem2-1.c(6): warning C4554: “>>”: 检查运算符优先级可能存在的错误；使用圆括号阐明优先级
         problem1-5.c
         problem1-4.c
         problem1-1.c
         正在生成代码...
       Link:
         D:\Program Files (x86)\VC\bin\link.exe /ERRORREPORT:PROMPT /OUT:"D:\Program Files (x86)\C程序及项目\c程序\暑期练习\day11\Debug\day11.exe" /INCREMENTAL /NOLOGO kernel32.lib user32.lib gdi32.lib winspool.lib comdlg32.lib advapi32.lib shell32.lib ole32.lib oleaut32.lib uuid.lib odbc32.lib odbccp32.lib /MANIFEST /MANIFESTUAC:"level='asInvoker' uiAccess='false'" /manifest:embed /DEBUG /PDB:"D:\Program Files (x86)\C程序及项目\c程序\暑期练习\day11\Debug\day11.pdb" /TLBID:1 /DYNAMICBASE /NXCOMPAT /IMPLIB:"D:\Program Files (x86)\C程序及项目\c程序\暑期练习\day11\Debug\day11.lib" /MACHINE:X86 "Debug\problem1-1.obj"
         "Debug\problem1-4.obj"
         "Debug\problem1-5.obj"
         "Debug\problem2-1.obj"
         "Debug\problem2-2.obj"
         Debug\problem3.obj
         day11.vcxproj -> D:\Program Files (x86)\C程序及项目\c程序\暑期练习\day11\Debug\day11.exe
     1>已完成生成项目“D:\Program Files (x86)\C程序及项目\c程序\暑期练习\day11\day11\day11.vcxproj”(Build 个目标)的操作。

生成成功。

已用时间 00:00:03.23
