生成启动时间为 2019/9/7 16:56:46。
     1>项目“D:\Program Files (x86)\C程序及项目\c++程序\C++日常练习\C++第十节课0907下午\C++第十节课0907下午\C++第十节课0907下午.vcxproj”在节点 2 上(Build 个目标)。
     1>ClCompile:
         D:\Program Files (x86)\VC\bin\CL.exe /c /ZI /nologo /W3 /WX- /sdl /Od /Oy- /D _UNICODE /D UNICODE /Gm /EHsc /RTC1 /MDd /GS /fp:precise /Zc:wchar_t /Zc:forScope /Fo"Debug\\" /Fd"Debug\vc120.pdb" /Gd /TP /analyze- /errorReport:prompt main2.cpp
         main2.cpp
     1>d:\program files (x86)\c程序及项目\c++程序\c++日常练习\c++第十节课0907下午\c++第十节课0907下午\main2.cpp(11): error C2614: “Test<int>”: 非法的成员初始化:“m_a”不是基或成员
                 d:\program files (x86)\c程序及项目\c++程序\c++日常练习\c++第十节课0907下午\c++第十节课0907下午\main2.cpp(9): 编译类 模板 成员函数“Test<int>::Test(T)”时
                 with
                 [
                     T=int
                 ]
                 d:\program files (x86)\c程序及项目\c++程序\c++日常练习\c++第十节课0907下午\c++第十节课0907下午\main2.cpp(31): 参见对正在编译的函数 模板 实例化“Test<int>::Test(T)”的引用
                 with
                 [
                     T=int
                 ]
                 d:\program files (x86)\c程序及项目\c++程序\c++日常练习\c++第十节课0907下午\c++第十节课0907下午\main2.cpp(31): 参见对正在编译的类 模板 实例化“Test<int>”的引用
     1>已完成生成项目“D:\Program Files (x86)\C程序及项目\c++程序\C++日常练习\C++第十节课0907下午\C++第十节课0907下午\C++第十节课0907下午.vcxproj”(Build 个目标)的操作 - 失败。

生成失败。

已用时间 00:00:00.39
